#
# There is insufficient memory for the Java Runtime Environment to continue.
# Native memory allocation (malloc) failed to allocate 131088 bytes for Chunk::new
# Possible reasons:
#   The system is out of physical RAM or swap space
#   The process is running with CompressedOops enabled, and the Java Heap may be blocking the growth of the native heap
# Possible solutions:
#   Reduce memory load on the system
#   Increase physical memory or swap space
#   Check if swap backing store is full
#   Decrease Java heap size (-Xmx/-Xms)
#   Decrease number of Java threads
#   Decrease Java thread stack sizes (-Xss)
#   Set larger code cache with -XX:ReservedCodeCacheSize=
#   JVM is running with Unscaled Compressed Oops mode in which the Java heap is
#     placed in the first 4GB address space. The Java Heap base address is the
#     maximum limit for the native heap growth. Please use -XX:HeapBaseMinAddress
#     to set the Java Heap base and to place the Java Heap above 4GB virtual address.
# This output file may be truncated or incomplete.
#
#  Out of Memory Error (allocation.cpp:389), pid=2408, tid=0x0000000000000b50
#
# JRE version: OpenJDK Runtime Environment (8.0_242-b01) (build 1.8.0_242-release-1644-b01)
# Java VM: OpenJDK 64-Bit Server VM (25.242-b01 mixed mode windows-amd64 compressed oops)
# Failed to write core dump. Minidumps are not enabled by default on client versions of Windows
#

---------------  T H R E A D  ---------------

Current thread (0x0000000019512800):  JavaThread "C2 CompilerThread0" daemon [_thread_in_native, id=2896, stack(0x0000000019e00000,0x0000000019f00000)]

Stack: [0x0000000019e00000,0x0000000019f00000]
[error occurred during error reporting (printing stack bounds), id 0xc0000005]

Native frames: (J=compiled Java code, j=interpreted, Vv=VM code, C=native code)


Current CompileTask:
C2:  50952 16675       4       com.android.tools.r8.u.b.Q0::a (376 bytes)


---------------  P R O C E S S  ---------------

Java Threads: ( => current thread )
  0x00000000232b8800 JavaThread "ForkJoinPool.commonPool-worker-7" daemon [_thread_blocked, id=5108, stack(0x000000002e260000,0x000000002e360000)]
  0x00000000232b9000 JavaThread "ForkJoinPool.commonPool-worker-6" daemon [_thread_blocked, id=9912, stack(0x000000002e160000,0x000000002e260000)]
  0x00000000232b7800 JavaThread "ForkJoinPool.commonPool-worker-5" daemon [_thread_blocked, id=12284, stack(0x000000002e060000,0x000000002e160000)]
  0x000000001be56000 JavaThread "ForkJoinPool.commonPool-worker-4" daemon [_thread_blocked, id=1692, stack(0x000000002df60000,0x000000002e060000)]
  0x000000001ac51800 JavaThread "ForkJoinPool.commonPool-worker-3" daemon [_thread_blocked, id=9848, stack(0x000000002de60000,0x000000002df60000)]
  0x000000001ac49800 JavaThread "ForkJoinPool.commonPool-worker-2" daemon [_thread_blocked, id=7080, stack(0x000000002cd50000,0x000000002ce50000)]
  0x0000000022da5000 JavaThread "ForkJoinPool.commonPool-worker-1" daemon [_thread_blocked, id=12560, stack(0x000000002bbc0000,0x000000002bcc0000)]
  0x0000000022da6800 JavaThread "Cache worker for Java compile cache (C:\Users\User\AndroidStudioProjects\AndroidMinesweeper\.gradle\6.1.1\javaCompile)" [_thread_blocked, id=12780, stack(0x000000002bac0000,0x000000002bbc0000)]
  0x0000000022da3800 JavaThread "Cache worker for Java compile cache (C:\Users\User\.gradle\caches\6.1.1\javaCompile)" [_thread_blocked, id=2832, stack(0x000000002b9c0000,0x000000002bac0000)]
  0x0000000022da5800 JavaThread "WorkerExecutor Queue Thread 9" [_thread_blocked, id=8720, stack(0x0000000029e00000,0x0000000029f00000)]
  0x0000000022d9c800 JavaThread "stdout" [_thread_in_native, id=3408, stack(0x000000002b8c0000,0x000000002b9c0000)]
  0x0000000022da2800 JavaThread "stderr" [_thread_in_native, id=4268, stack(0x000000002b7c0000,0x000000002b8c0000)]
  0x0000000022d9b800 JavaThread "stdout" [_thread_in_native, id=900, stack(0x000000002b6c0000,0x000000002b7c0000)]
  0x0000000022da1000 JavaThread "stderr" [_thread_in_native, id=12312, stack(0x000000002b5c0000,0x000000002b6c0000)]
  0x0000000022d9f800 JavaThread "stdout" [_thread_in_native, id=11300, stack(0x000000002b3c0000,0x000000002b4c0000)]
  0x0000000022d98000 JavaThread "stderr" [_thread_in_native, id=3716, stack(0x000000002b2c0000,0x000000002b3c0000)]
  0x0000000022d9f000 JavaThread "stdout" [_thread_in_native, id=3464, stack(0x000000002b1c0000,0x000000002b2c0000)]
  0x0000000022d9b000 JavaThread "stderr" [_thread_in_native, id=8620, stack(0x000000002b0c0000,0x000000002b1c0000)]
  0x0000000022d9a000 JavaThread "stdout" [_thread_in_native, id=7312, stack(0x000000002afc0000,0x000000002b0c0000)]
  0x0000000022d9e000 JavaThread "stderr" [_thread_in_native, id=4396, stack(0x000000002aec0000,0x000000002afc0000)]
  0x0000000022d98800 JavaThread "stdout" [_thread_in_native, id=10180, stack(0x000000002adc0000,0x000000002aec0000)]
  0x0000000022d9d000 JavaThread "stderr" [_thread_in_native, id=5916, stack(0x000000002acc0000,0x000000002adc0000)]
  0x0000000022d99800 JavaThread "stdout" [_thread_in_native, id=32, stack(0x000000002abc0000,0x000000002acc0000)]
  0x000000001ac4e800 JavaThread "stderr" [_thread_in_native, id=12880, stack(0x000000002aac0000,0x000000002abc0000)]
  0x000000001ac4e000 JavaThread "pool-4-thread-1" [_thread_blocked, id=2008, stack(0x000000002a9c0000,0x000000002aac0000)]
  0x000000001ac51000 JavaThread "WorkerExecutor Queue Thread 8" [_thread_blocked, id=292, stack(0x000000002a6c0000,0x000000002a7c0000)]
  0x000000001ac4d000 JavaThread "MarlinRenderer Disposer" daemon [_thread_blocked, id=3768, stack(0x000000002a000000,0x000000002a100000)]
  0x000000001ac53000 JavaThread "Java2D Disposer" daemon [_thread_blocked, id=7116, stack(0x000000002a330000,0x000000002a430000)]
  0x000000001ac50000 JavaThread "WorkerExecutor Queue Thread 7" [_thread_blocked, id=1580, stack(0x0000000029f00000,0x000000002a000000)]
  0x000000001ac52800 JavaThread "WorkerExecutor Queue Thread 5" [_thread_blocked, id=11408, stack(0x0000000029d00000,0x0000000029e00000)]
  0x000000001ac54000 JavaThread "WorkerExecutor Queue Thread 4" [_thread_blocked, id=13044, stack(0x0000000029c00000,0x0000000029d00000)]
  0x000000001ac45800 JavaThread "WorkerExecutor Queue Thread 3" [_thread_blocked, id=10108, stack(0x0000000029b00000,0x0000000029c00000)]
  0x000000001ac4c800 JavaThread "WorkerExecutor Queue Thread 2" [_thread_blocked, id=2516, stack(0x0000000029a00000,0x0000000029b00000)]
  0x000000001ac45000 JavaThread "WorkerExecutor Queue" [_thread_blocked, id=13588, stack(0x0000000029690000,0x0000000029790000)]
  0x000000001ac4b000 JavaThread "Cache worker for execution history cache (C:\Users\User\AndroidStudioProjects\AndroidMinesweeper\.gradle\6.1.1\executionHistory)" [_thread_blocked, id=10432, stack(0x0000000029590000,0x0000000029690000)]
  0x000000001ac46800 JavaThread "Execution worker for ':' Thread 7" [_thread_blocked, id=2036, stack(0x0000000029490000,0x0000000029590000)]
  0x000000001ac48800 JavaThread "Execution worker for ':' Thread 6" [_thread_in_Java, id=10260, stack(0x0000000029390000,0x0000000029490000)]
  0x000000001ac4b800 JavaThread "Execution worker for ':' Thread 5" [_thread_in_Java, id=11444, stack(0x0000000029290000,0x0000000029390000)]
  0x000000001ac47000 JavaThread "Execution worker for ':' Thread 4" [_thread_in_vm, id=3676, stack(0x0000000029190000,0x0000000029290000)]
  0x000000001be59800 JavaThread "Execution worker for ':' Thread 3" [_thread_in_Java, id=10608, stack(0x0000000029090000,0x0000000029190000)]
  0x000000001be53000 JavaThread "Execution worker for ':' Thread 2" [_thread_in_Java, id=9924, stack(0x0000000028f90000,0x0000000029090000)]
  0x000000001be59000 JavaThread "Execution worker for ':'" [_thread_in_Java, id=4140, stack(0x0000000028e90000,0x0000000028f90000)]
  0x000000001cae6000 JavaThread "Cache worker for file content cache (C:\Users\User\AndroidStudioProjects\AndroidMinesweeper\.gradle\6.1.1\fileContent)" [_thread_blocked, id=6376, stack(0x0000000028d90000,0x0000000028e90000)]
  0x000000001caed000 JavaThread "Cache worker for file content cache (C:\Users\User\.gradle\caches\6.1.1\fileContent)" [_thread_blocked, id=3588, stack(0x0000000028c90000,0x0000000028d90000)]
  0x000000001caec800 JavaThread "Memory manager" [_thread_blocked, id=9248, stack(0x0000000028a60000,0x0000000028b60000)]
  0x000000001cae5800 JavaThread "Cache worker for Build Output Cleanup Cache (C:\Users\User\AndroidStudioProjects\AndroidMinesweeper\.gradle\buildOutputCleanup)" [_thread_blocked, id=8164, stack(0x0000000028b90000,0x0000000028c90000)]
  0x000000001caeb800 JavaThread "Build operations Thread 8" [_thread_blocked, id=13788, stack(0x0000000028960000,0x0000000028a60000)]
  0x000000001cae4000 JavaThread "Build operations Thread 7" [_thread_blocked, id=9740, stack(0x00000000261f0000,0x00000000262f0000)]
  0x000000001cae9000 JavaThread "Build operations Thread 6" [_thread_blocked, id=1016, stack(0x0000000025e80000,0x0000000025f80000)]
  0x000000001caea000 JavaThread "Build operations Thread 5" [_thread_blocked, id=1304, stack(0x0000000024630000,0x0000000024730000)]
  0x000000001cae1800 JavaThread "Build operations Thread 4" [_thread_blocked, id=556, stack(0x0000000024530000,0x0000000024630000)]
  0x000000001cae7800 JavaThread "Build operations Thread 3" [_thread_blocked, id=13280, stack(0x0000000024430000,0x0000000024530000)]
  0x000000001cae7000 JavaThread "Build operations Thread 2" [_thread_blocked, id=896, stack(0x0000000024330000,0x0000000024430000)]
  0x000000001cade000 JavaThread "Build operations" [_thread_blocked, id=8476, stack(0x0000000024230000,0x0000000024330000)]
  0x000000001cae4800 JavaThread "Cache worker for cache directory md-rule (C:\Users\User\.gradle\caches\6.1.1\md-rule)" [_thread_blocked, id=3640, stack(0x0000000023f30000,0x0000000024030000)]
  0x000000001f9a1800 JavaThread "Cache worker for cache directory md-supplier (C:\Users\User\.gradle\caches\6.1.1\md-supplier)" [_thread_blocked, id=11772, stack(0x00000000227e0000,0x00000000228e0000)]
  0x000000001f9a1000 JavaThread "Cache worker for file hash cache (C:\Users\User\AndroidStudioProjects\AndroidMinesweeper\.gradle\6.1.1\fileHashes)" [_thread_in_native, id=1752, stack(0x00000000219e0000,0x0000000021ae0000)]
  0x000000001f9a0000 JavaThread "Cache worker for checksums cache (C:\Users\User\AndroidStudioProjects\AndroidMinesweeper\.gradle\checksums)" [_thread_blocked, id=5628, stack(0x00000000208c0000,0x00000000209c0000)]
  0x000000001f99f800 JavaThread "Thread-38" [_thread_blocked, id=8016, stack(0x00000000207c0000,0x00000000208c0000)]
  0x000000001f9a4000 JavaThread "Stdin handler" [_thread_blocked, id=12404, stack(0x00000000206c0000,0x00000000207c0000)]
  0x000000001f9a2800 JavaThread "Asynchronous log dispatcher for DefaultDaemonConnection: socket connection from /127.0.0.1:65498 to /127.0.0.1:65505" [_thread_blocked, id=3708, stack(0x000000001dd20000,0x000000001de20000)]
  0x000000001f9a3000 JavaThread "Cancel handler" [_thread_blocked, id=5944, stack(0x000000001d920000,0x000000001da20000)]
  0x000000001f99e000 JavaThread "Handler for socket connection from /127.0.0.1:65498 to /127.0.0.1:65505" [_thread_in_native, id=14244, stack(0x000000001d620000,0x000000001d720000)]
  0x000000001be53800 JavaThread "Cache worker for execution history cache (C:\Users\User\.gradle\caches\6.1.1\executionHistory)" [_thread_blocked, id=13560, stack(0x0000000021ce0000,0x0000000021de0000)]
  0x000000001be56800 JavaThread "Cache worker for file hash cache (C:\Users\User\.gradle\caches\6.1.1\fileHashes)" [_thread_blocked, id=11884, stack(0x000000001e220000,0x000000001e320000)]
  0x000000001be57800 JavaThread "File lock request listener" [_thread_in_native, id=6916, stack(0x000000001e120000,0x000000001e220000)]
  0x000000001b888800 JavaThread "Cache worker for journal cache (C:\Users\User\.gradle\caches\journal-1)" [_thread_blocked, id=12372, stack(0x000000001e020000,0x000000001e120000)]
  0x000000001bf2a800 JavaThread "Daemon worker" [_thread_in_Java, id=6752, stack(0x000000001da20000,0x000000001db20000)]
  0x000000001beec800 JavaThread "Daemon" [_thread_blocked, id=12504, stack(0x000000001d520000,0x000000001d620000)]
  0x000000001bf5b000 JavaThread "Daemon periodic checks" [_thread_blocked, id=7416, stack(0x000000001d420000,0x000000001d520000)]
  0x000000001bf4c000 JavaThread "Incoming local TCP Connector on port 65498" [_thread_in_native, id=11024, stack(0x000000001d1e0000,0x000000001d2e0000)]
  0x000000001a4cb800 JavaThread "Daemon health stats" [_thread_blocked, id=7664, stack(0x000000001cba0000,0x000000001cca0000)]
  0x00000000195ef000 JavaThread "Service Thread" daemon [_thread_blocked, id=7956, stack(0x000000001a200000,0x000000001a300000)]
  0x0000000019569800 JavaThread "C1 CompilerThread3" daemon [_thread_blocked, id=4556, stack(0x000000001a100000,0x000000001a200000)]
  0x0000000019516800 JavaThread "C2 CompilerThread2" daemon [_thread_in_native, id=8152, stack(0x000000001a000000,0x000000001a100000)]
  0x0000000019514000 JavaThread "C2 CompilerThread1" daemon [_thread_in_native, id=2108, stack(0x0000000019f00000,0x000000001a000000)]
=>0x0000000019512800 JavaThread "C2 CompilerThread0" daemon [_thread_in_native, id=2896, stack(0x0000000019e00000,0x0000000019f00000)]
  0x0000000019510800 JavaThread "Attach Listener" daemon [_thread_blocked, id=9880, stack(0x0000000019d00000,0x0000000019e00000)]
  0x0000000019510000 JavaThread "Signal Dispatcher" daemon [_thread_blocked, id=13104, stack(0x0000000019c00000,0x0000000019d00000)]
  0x0000000019501800 JavaThread "Finalizer" daemon [_thread_blocked, id=1824, stack(0x00000000199e0000,0x0000000019ae0000)]
  0x0000000019500800 JavaThread "Reference Handler" daemon [_thread_blocked, id=6032, stack(0x00000000198e0000,0x00000000199e0000)]
  0x000000000253d800 JavaThread "main" [_thread_blocked, id=6880, stack(0x0000000002430000,0x0000000002530000)]

Other Threads:
  0x00000000176f8800 VMThread [stack: 0x00000000193e0000,0x00000000194e0000] [id=8956]
  0x00000000195ef800 WatcherThread [stack: 0x000000001a300000,0x000000001a400000] [id=11988]

VM state:synchronizing (normal execution)

VM Mutex/Monitor currently owned by a thread:  ([mutex/lock_event])
[0x000000000253d300] Threads_lock - owner thread: 0x00000000176f8800
[0x000000000253c680] Heap_lock - owner thread: 0x0000000019569800
[0x0000000002590750] MethodData_lock - owner thread: 0x0000000019569800

heap address: 0x0000000080000000, size: 2048 MB, Compressed Oops mode: 32-bit
Narrow klass base: 0x0000000000000000, Narrow klass shift: 3
Compressed class space size: 1073741824 Address: 0x0000000100000000

Heap:
 PSYoungGen      total 252928K, used 168588K [0x00000000d5580000, 0x00000000e7180000, 0x0000000100000000)
  eden space 223232K, 64% used [0x00000000d5580000,0x00000000de22c4d0,0x00000000e2f80000)
  from space 29696K, 82% used [0x00000000e4e80000,0x00000000e6676e60,0x00000000e6b80000)
  to   space 31744K, 0% used [0x00000000e2f80000,0x00000000e2f80000,0x00000000e4e80000)
 ParOldGen       total 146432K, used 58939K [0x0000000080000000, 0x0000000088f00000, 0x00000000d5580000)
  object space 146432K, 40% used [0x0000000080000000,0x000000008398eee8,0x0000000088f00000)
 Metaspace       used 103149K, capacity 108170K, committed 108336K, reserved 1144832K
  class space    used 13543K, capacity 14527K, committed 14640K, reserved 1048576K

Card table byte_map: [0x0000000011a50000,0x0000000011e60000] byte_map_base: 0x0000000011650000

Marking Bits: (ParMarkBitMap*) 0x000000006189f030
 Begin Bits: [0x0000000012910000, 0x0000000014910000)
 End Bits:   [0x0000000014910000, 0x0000000016910000)

Polling page: 0x0000000000d60000

CodeCache: size=245760Kb used=45609Kb max_used=45609Kb free=200150Kb
 bounds [0x0000000002690000, 0x0000000005360000, 0x0000000011690000]
 total_blobs=15139 nmethods=14122 adapters=927
 compilation: enabled

Compilation events (10 events):
Event: 50.926 Thread 0x0000000019569800 nmethod 16728 0x0000000004cb4810 code [0x0000000004cb4960, 0x0000000004cb4a70]
Event: 50.926 Thread 0x0000000019569800 16625       2       com.android.tools.r8.u.b.W::a (159 bytes)
Event: 50.928 Thread 0x0000000019569800 nmethod 16625 0x0000000004940a10 code [0x0000000004940c40, 0x00000000049413a8]
Event: 50.928 Thread 0x0000000019569800 16631       2       com.android.tools.r8.u.b.W::a (70 bytes)
Event: 50.929 Thread 0x0000000019569800 nmethod 16631 0x000000000493fd10 code [0x000000000493ff00, 0x00000000049404d8]
Event: 50.929 Thread 0x0000000019569800 16629       2       com.android.tools.r8.v.a.a.a.f.K::e (60 bytes)
Event: 50.930 Thread 0x0000000019569800 nmethod 16629 0x000000000493f850 code [0x000000000493f9c0, 0x000000000493fc10]
Event: 50.930 Thread 0x0000000019569800 16640       2       java.util.Collections::newSetFromMap (9 bytes)
Event: 50.930 Thread 0x0000000019569800 nmethod 16640 0x000000000493f490 code [0x000000000493f600, 0x000000000493f7a8]
Event: 50.930 Thread 0x0000000019569800 16730       2       com.android.tools.r8.ir.optimize.Z::a (1306 bytes)

GC Heap History (10 events):
Event: 40.426 GC heap before
{Heap before GC invocations=20 (full 3):
 PSYoungGen      total 216576K, used 213419K [0x00000000d5580000, 0x00000000e4580000, 0x0000000100000000)
  eden space 192512K, 100% used [0x00000000d5580000,0x00000000e1180000,0x00000000e1180000)
  from space 24064K, 86% used [0x00000000e2c80000,0x00000000e40eacb0,0x00000000e4400000)
  to   space 26624K, 0% used [0x00000000e1180000,0x00000000e1180000,0x00000000e2b80000)
 ParOldGen       total 146432K, used 51048K [0x0000000080000000, 0x0000000088f00000, 0x00000000d5580000)
  object space 146432K, 34% used [0x0000000080000000,0x00000000831da290,0x0000000088f00000)
 Metaspace       used 87591K, capacity 91936K, committed 92080K, reserved 1128448K
  class space    used 11502K, capacity 12392K, committed 12464K, reserved 1048576K
Event: 40.450 GC heap after
Heap after GC invocations=20 (full 3):
 PSYoungGen      total 219136K, used 16191K [0x00000000d5580000, 0x00000000e5380000, 0x0000000100000000)
  eden space 192512K, 0% used [0x00000000d5580000,0x00000000d5580000,0x00000000e1180000)
  from space 26624K, 60% used [0x00000000e1180000,0x00000000e214fc10,0x00000000e2b80000)
  to   space 26624K, 0% used [0x00000000e3980000,0x00000000e3980000,0x00000000e5380000)
 ParOldGen       total 146432K, used 51056K [0x0000000080000000, 0x0000000088f00000, 0x00000000d5580000)
  object space 146432K, 34% used [0x0000000080000000,0x00000000831dc290,0x0000000088f00000)
 Metaspace       used 87591K, capacity 91936K, committed 92080K, reserved 1128448K
  class space    used 11502K, capacity 12392K, committed 12464K, reserved 1048576K
}
Event: 44.523 GC heap before
{Heap before GC invocations=21 (full 3):
 PSYoungGen      total 219136K, used 208703K [0x00000000d5580000, 0x00000000e5380000, 0x0000000100000000)
  eden space 192512K, 100% used [0x00000000d5580000,0x00000000e1180000,0x00000000e1180000)
  from space 26624K, 60% used [0x00000000e1180000,0x00000000e214fc10,0x00000000e2b80000)
  to   space 26624K, 0% used [0x00000000e3980000,0x00000000e3980000,0x00000000e5380000)
 ParOldGen       total 146432K, used 51056K [0x0000000080000000, 0x0000000088f00000, 0x00000000d5580000)
  object space 146432K, 34% used [0x0000000080000000,0x00000000831dc290,0x0000000088f00000)
 Metaspace       used 93395K, capacity 97904K, committed 98224K, reserved 1134592K
  class space    used 12202K, capacity 13116K, committed 13232K, reserved 1048576K
Event: 44.574 GC heap after
Heap after GC invocations=21 (full 3):
 PSYoungGen      total 230912K, used 23652K [0x00000000d5580000, 0x00000000e5900000, 0x0000000100000000)
  eden space 204288K, 0% used [0x00000000d5580000,0x00000000d5580000,0x00000000e1d00000)
  from space 26624K, 88% used [0x00000000e3980000,0x00000000e5099180,0x00000000e5380000)
  to   space 29184K, 0% used [0x00000000e1d00000,0x00000000e1d00000,0x00000000e3980000)
 ParOldGen       total 146432K, used 51064K [0x0000000080000000, 0x0000000088f00000, 0x00000000d5580000)
  object space 146432K, 34% used [0x0000000080000000,0x00000000831de290,0x0000000088f00000)
 Metaspace       used 93395K, capacity 97904K, committed 98224K, reserved 1134592K
  class space    used 12202K, capacity 13116K, committed 13232K, reserved 1048576K
}
Event: 46.191 GC heap before
{Heap before GC invocations=22 (full 3):
 PSYoungGen      total 230912K, used 76314K [0x00000000d5580000, 0x00000000e5900000, 0x0000000100000000)
  eden space 204288K, 25% used [0x00000000d5580000,0x00000000d88ed768,0x00000000e1d00000)
  from space 26624K, 88% used [0x00000000e3980000,0x00000000e5099180,0x00000000e5380000)
  to   space 29184K, 0% used [0x00000000e1d00000,0x00000000e1d00000,0x00000000e3980000)
 ParOldGen       total 146432K, used 51064K [0x0000000080000000, 0x0000000088f00000, 0x00000000d5580000)
  object space 146432K, 34% used [0x0000000080000000,0x00000000831de290,0x0000000088f00000)
 Metaspace       used 94010K, capacity 98518K, committed 98600K, reserved 1134592K
  class space    used 12272K, capacity 13209K, committed 13232K, reserved 1048576K
Event: 46.245 GC heap after
Heap after GC invocations=22 (full 3):
 PSYoungGen      total 233472K, used 20133K [0x00000000d5580000, 0x00000000e6b80000, 0x0000000100000000)
  eden space 204288K, 0% used [0x00000000d5580000,0x00000000d5580000,0x00000000e1d00000)
  from space 29184K, 68% used [0x00000000e1d00000,0x00000000e30a9420,0x00000000e3980000)
  to   space 29696K, 0% used [0x00000000e4e80000,0x00000000e4e80000,0x00000000e6b80000)
 ParOldGen       total 146432K, used 51072K [0x0000000080000000, 0x0000000088f00000, 0x00000000d5580000)
  object space 146432K, 34% used [0x0000000080000000,0x00000000831e0290,0x0000000088f00000)
 Metaspace       used 94010K, capacity 98518K, committed 98600K, reserved 1134592K
  class space    used 12272K, capacity 13209K, committed 13232K, reserved 1048576K
}
Event: 46.245 GC heap before
{Heap before GC invocations=23 (full 4):
 PSYoungGen      total 233472K, used 20133K [0x00000000d5580000, 0x00000000e6b80000, 0x0000000100000000)
  eden space 204288K, 0% used [0x00000000d5580000,0x00000000d5580000,0x00000000e1d00000)
  from space 29184K, 68% used [0x00000000e1d00000,0x00000000e30a9420,0x00000000e3980000)
  to   space 29696K, 0% used [0x00000000e4e80000,0x00000000e4e80000,0x00000000e6b80000)
 ParOldGen       total 146432K, used 51072K [0x0000000080000000, 0x0000000088f00000, 0x00000000d5580000)
  object space 146432K, 34% used [0x0000000080000000,0x00000000831e0290,0x0000000088f00000)
 Metaspace       used 94010K, capacity 98518K, committed 98600K, reserved 1134592K
  class space    used 12272K, capacity 13209K, committed 13232K, reserved 1048576K
Event: 46.698 GC heap after
Heap after GC invocations=23 (full 4):
 PSYoungGen      total 233472K, used 0K [0x00000000d5580000, 0x00000000e6b80000, 0x0000000100000000)
  eden space 204288K, 0% used [0x00000000d5580000,0x00000000d5580000,0x00000000e1d00000)
  from space 29184K, 0% used [0x00000000e1d00000,0x00000000e1d00000,0x00000000e3980000)
  to   space 29696K, 0% used [0x00000000e4e80000,0x00000000e4e80000,0x00000000e6b80000)
 ParOldGen       total 146432K, used 58931K [0x0000000080000000, 0x0000000088f00000, 0x00000000d5580000)
  object space 146432K, 40% used [0x0000000080000000,0x000000008398cee8,0x0000000088f00000)
 Metaspace       used 93640K, capacity 97448K, committed 98600K, reserved 1134592K
  class space    used 12152K, capacity 12998K, committed 13232K, reserved 1048576K
}
Event: 49.703 GC heap before
{Heap before GC invocations=24 (full 4):
 PSYoungGen      total 233472K, used 204280K [0x00000000d5580000, 0x00000000e6b80000, 0x0000000100000000)
  eden space 204288K, 99% used [0x00000000d5580000,0x00000000e1cfe078,0x00000000e1d00000)
  from space 29184K, 0% used [0x00000000e1d00000,0x00000000e1d00000,0x00000000e3980000)
  to   space 29696K, 0% used [0x00000000e4e80000,0x00000000e4e80000,0x00000000e6b80000)
 ParOldGen       total 146432K, used 58931K [0x0000000080000000, 0x0000000088f00000, 0x00000000d5580000)
  object space 146432K, 40% used [0x0000000080000000,0x000000008398cee8,0x0000000088f00000)
 Metaspace       used 102412K, capacity 107404K, committed 107696K, reserved 1142784K
  class space    used 13437K, capacity 14414K, committed 14512K, reserved 1048576K
Event: 49.743 GC heap after
Heap after GC invocations=24 (full 4):
 PSYoungGen      total 252928K, used 24539K [0x00000000d5580000, 0x00000000e7180000, 0x0000000100000000)
  eden space 223232K, 0% used [0x00000000d5580000,0x00000000d5580000,0x00000000e2f80000)
  from space 29696K, 82% used [0x00000000e4e80000,0x00000000e6676e60,0x00000000e6b80000)
  to   space 31744K, 0% used [0x00000000e2f80000,0x00000000e2f80000,0x00000000e4e80000)
 ParOldGen       total 146432K, used 58939K [0x0000000080000000, 0x0000000088f00000, 0x00000000d5580000)
  object space 146432K, 40% used [0x0000000080000000,0x000000008398eee8,0x0000000088f00000)
 Metaspace       used 102412K, capacity 107404K, committed 107696K, reserved 1142784K
  class space    used 13437K, capacity 14414K, committed 14512K, reserved 1048576K
}

Deoptimization events (10 events):
Event: 50.087 Thread 0x000000001ac47000 Uncommon trap: reason=class_check action=maybe_recompile pc=0x00000000048a202c method=com.android.tools.r8.u.a.i.e.b(Lcom/android/tools/r8/u/b/h0;)V @ 226
Event: 50.088 Thread 0x000000001ac47000 Uncommon trap: reason=class_check action=maybe_recompile pc=0x00000000048a202c method=com.android.tools.r8.u.a.i.e.b(Lcom/android/tools/r8/u/b/h0;)V @ 226
Event: 50.165 Thread 0x000000001bf2a800 Uncommon trap: reason=unstable_if action=reinterpret pc=0x0000000002cd3c64 method=com.android.tools.r8.ir.conversion.N.a(Lcom/android/tools/r8/u/b/h0;Lcom/android/tools/r8/u/b/S0;)V @ 243
Event: 50.264 Thread 0x000000001ac47000 Uncommon trap: reason=unstable_if action=reinterpret pc=0x000000000489d660 method=com.android.tools.r8.ir.regalloc.b.r()Z @ 9
Event: 50.449 Thread 0x000000001bf2a800 Uncommon trap: reason=unstable_if action=reinterpret pc=0x000000000309e298 method=java.util.HashMap.getNode(ILjava/lang/Object;)Ljava/util/HashMap$Node; @ 84
Event: 50.449 Thread 0x000000001bf2a800 Uncommon trap: reason=unstable_if action=reinterpret pc=0x0000000002bad444 method=java.util.HashMap.putVal(ILjava/lang/Object;Ljava/lang/Object;ZZ)Ljava/lang/Object; @ 109
Event: 50.449 Thread 0x000000001bf2a800 Uncommon trap: reason=unstable_if action=reinterpret pc=0x0000000004019dac method=java.util.HashMap.getNode(ILjava/lang/Object;)Ljava/util/HashMap$Node; @ 84
Event: 50.600 Thread 0x000000001be53000 Uncommon trap: reason=unstable_if action=reinterpret pc=0x0000000003553950 method=com.android.tools.r8.u.a.i.e.b(Lcom/android/tools/r8/u/b/h0;)V @ 360
Event: 50.743 Thread 0x000000001ac47000 Uncommon trap: reason=unstable_if action=reinterpret pc=0x0000000005033714 method=com.android.tools.r8.u.b.a0.a(Lcom/android/tools/r8/u/b/h0;)V @ 8
Event: 50.880 Thread 0x000000001be59800 Uncommon trap: reason=class_check action=maybe_recompile pc=0x0000000005003338 method=com.android.tools.r8.v.a.a.a.f.U.equals(Ljava/lang/Object;)Z @ 1

Classes redefined (0 events):
No events

Internal exceptions (10 events):
Event: 49.046 Thread 0x0000000022da5800 Exception <a 'sun/nio/fs/WindowsException'> (0x00000000dcb0fde0) thrown at [C:\src\AOSP-openjdk-git\hotspot\src\share\vm\prims\jni.cpp, line 710]
Event: 49.048 Thread 0x0000000022da5800 Exception <a 'sun/nio/fs/WindowsException'> (0x00000000dcb15a40) thrown at [C:\src\AOSP-openjdk-git\hotspot\src\share\vm\prims\jni.cpp, line 710]
Event: 49.408 Thread 0x000000001bf2a800 Exception <a 'sun/nio/fs/WindowsException'> (0x00000000ddfb1740) thrown at [C:\src\AOSP-openjdk-git\hotspot\src\share\vm\prims\jni.cpp, line 710]
Event: 49.445 Thread 0x000000001ac4b800 Exception <a 'sun/nio/fs/WindowsException'> (0x00000000de3a11b8) thrown at [C:\src\AOSP-openjdk-git\hotspot\src\share\vm\prims\jni.cpp, line 710]
Event: 49.452 Thread 0x000000001ac47000 Exception <a 'sun/nio/fs/WindowsException'> (0x00000000dec77060) thrown at [C:\src\AOSP-openjdk-git\hotspot\src\share\vm\prims\jni.cpp, line 710]
Event: 49.516 Thread 0x000000001be59800 Exception <a 'sun/nio/fs/WindowsException'> (0x00000000df451ba8) thrown at [C:\src\AOSP-openjdk-git\hotspot\src\share\vm\prims\jni.cpp, line 710]
Event: 49.540 Thread 0x000000001be53000 Exception <a 'sun/nio/fs/WindowsException'> (0x00000000dfb0abb8) thrown at [C:\src\AOSP-openjdk-git\hotspot\src\share\vm\prims\jni.cpp, line 710]
Event: 49.540 Thread 0x000000001ac48800 Exception <a 'sun/nio/fs/WindowsException'> (0x00000000dfb8a640) thrown at [C:\src\AOSP-openjdk-git\hotspot\src\share\vm\prims\jni.cpp, line 710]
Event: 49.849 Thread 0x000000001be59000 Exception <a 'sun/nio/fs/WindowsException'> (0x00000000d6b7fd98) thrown at [C:\src\AOSP-openjdk-git\hotspot\src\share\vm\prims\jni.cpp, line 710]
Event: 49.856 Thread 0x000000001be53000 Implicit null exception at 0x0000000002e671b7 to 0x0000000002e675fd

Events (10 events):
Event: 50.743 Thread 0x000000001ac47000 Uncommon trap: trap_request=0xffffff65 fr.pc=0x0000000005033714
Event: 50.743 Thread 0x000000001ac47000 DEOPT PACKING pc=0x0000000005033714 sp=0x0000000029289b90
Event: 50.743 Thread 0x000000001ac47000 DEOPT UNPACKING pc=0x00000000026d557b sp=0x0000000029289ac8 mode 2
Event: 50.828 Thread 0x000000001be59800 DEOPT PACKING pc=0x000000000473608c sp=0x000000002918a020
Event: 50.828 Thread 0x000000001be59800 DEOPT UNPACKING pc=0x00000000026d75d0 sp=0x0000000029189f20 mode 0
Event: 50.852 Thread 0x000000001be59800 DEOPT PACKING pc=0x000000000491e6fc sp=0x0000000029189e60
Event: 50.852 Thread 0x000000001be59800 DEOPT UNPACKING pc=0x00000000026d75d0 sp=0x0000000029189f28 mode 0
Event: 50.880 Thread 0x000000001be59800 Uncommon trap: trap_request=0xffffffde fr.pc=0x0000000005003338
Event: 50.880 Thread 0x000000001be59800 DEOPT PACKING pc=0x0000000005003338 sp=0x000000002918a250
Event: 50.880 Thread 0x000000001be59800 DEOPT UNPACKING pc=0x00000000026d557b sp=0x000000002918a1e8 mode 2


Dynamic libraries:
0x00007ff6e5750000 - 0x00007ff6e5781000 	C:\Program Files\Android\Android Studio\jre\bin\java.exe
0x00007ffd9f6d0000 - 0x00007ffd9f8c5000 	C:\WINDOWS\SYSTEM32\ntdll.dll
0x00007ffd9df30000 - 0x00007ffd9dfed000 	C:\WINDOWS\System32\KERNEL32.DLL
0x00007ffd9d460000 - 0x00007ffd9d729000 	C:\WINDOWS\System32\KERNELBASE.dll
0x00007ffd9dda0000 - 0x00007ffd9de4c000 	C:\WINDOWS\System32\ADVAPI32.dll
0x00007ffd9daa0000 - 0x00007ffd9db3e000 	C:\WINDOWS\System32\msvcrt.dll
0x00007ffd9eeb0000 - 0x00007ffd9ef4c000 	C:\WINDOWS\System32\sechost.dll
0x00007ffd9e910000 - 0x00007ffd9ea3b000 	C:\WINDOWS\System32\RPCRT4.dll
0x00007ffd9efa0000 - 0x00007ffd9f140000 	C:\WINDOWS\System32\USER32.dll
0x00007ffd9cfd0000 - 0x00007ffd9cff2000 	C:\WINDOWS\System32\win32u.dll
0x00007ffd9ef70000 - 0x00007ffd9ef9a000 	C:\WINDOWS\System32\GDI32.dll
0x00007ffd9ce10000 - 0x00007ffd9cf1b000 	C:\WINDOWS\System32\gdi32full.dll
0x00007ffd9d000000 - 0x00007ffd9d09d000 	C:\WINDOWS\System32\msvcp_win.dll
0x00007ffd9d100000 - 0x00007ffd9d200000 	C:\WINDOWS\System32\ucrtbase.dll
0x00007ffd807b0000 - 0x00007ffd80a4a000 	C:\WINDOWS\WinSxS\amd64_microsoft.windows.common-controls_6595b64144ccf1df_6.0.19041.844_none_ca00b6081b84eb1d\COMCTL32.dll
0x00007ffd9e080000 - 0x00007ffd9e0b0000 	C:\WINDOWS\System32\IMM32.DLL
0x0000000060f10000 - 0x0000000060fe2000 	C:\Program Files\Android\Android Studio\jre\jre\bin\msvcr100.dll
0x00000000610d0000 - 0x000000006191b000 	C:\Program Files\Android\Android Studio\jre\jre\bin\server\jvm.dll
0x00007ffd9e120000 - 0x00007ffd9e128000 	C:\WINDOWS\System32\PSAPI.DLL
0x00007ffd838f0000 - 0x00007ffd838f9000 	C:\WINDOWS\SYSTEM32\WSOCK32.dll
0x00007ffd88800000 - 0x00007ffd88827000 	C:\WINDOWS\SYSTEM32\WINMM.dll
0x00007ffd9e0b0000 - 0x00007ffd9e11b000 	C:\WINDOWS\System32\WS2_32.dll
0x00007ffd9bc80000 - 0x00007ffd9bc8a000 	C:\WINDOWS\SYSTEM32\VERSION.dll
0x00007ffd94e60000 - 0x00007ffd94e6f000 	C:\Program Files\Android\Android Studio\jre\jre\bin\verify.dll
0x00007ffd94e30000 - 0x00007ffd94e59000 	C:\Program Files\Android\Android Studio\jre\jre\bin\java.dll
0x00007ffd94e10000 - 0x00007ffd94e26000 	C:\Program Files\Android\Android Studio\jre\jre\bin\zip.dll
0x00007ffd9e1c0000 - 0x00007ffd9e902000 	C:\WINDOWS\System32\SHELL32.dll
0x00007ffd9b4b0000 - 0x00007ffd9bc40000 	C:\WINDOWS\SYSTEM32\windows.storage.dll
0x00007ffd9f140000 - 0x00007ffd9f495000 	C:\WINDOWS\System32\combase.dll
0x00007ffd9c7b0000 - 0x00007ffd9c7dc000 	C:\WINDOWS\SYSTEM32\Wldp.dll
0x00007ffd9dcf0000 - 0x00007ffd9dd9e000 	C:\WINDOWS\System32\SHCORE.dll
0x00007ffd9f4a0000 - 0x00007ffd9f4f5000 	C:\WINDOWS\System32\shlwapi.dll
0x00007ffd9cd50000 - 0x00007ffd9cd6f000 	C:\WINDOWS\SYSTEM32\profapi.dll
0x00007ffd94df0000 - 0x00007ffd94e0a000 	C:\Program Files\Android\Android Studio\jre\jre\bin\net.dll
0x00007ffd9c5a0000 - 0x00007ffd9c60a000 	C:\WINDOWS\system32\mswsock.dll
0x00007ffd94da0000 - 0x00007ffd94db3000 	C:\Program Files\Android\Android Studio\jre\jre\bin\nio.dll
0x00007ffd949d0000 - 0x00007ffd949f6000 	C:\Users\User\.gradle\native\31\windows-amd64\native-platform.dll
0x00007ffd94d90000 - 0x00007ffd94d9d000 	C:\Program Files\Android\Android Studio\jre\jre\bin\management.dll
0x00007ffd9cae0000 - 0x00007ffd9caf8000 	C:\WINDOWS\SYSTEM32\CRYPTSP.dll
0x00007ffd9bef0000 - 0x00007ffd9bf24000 	C:\WINDOWS\system32\rsaenh.dll
0x00007ffd9cf20000 - 0x00007ffd9cf47000 	C:\WINDOWS\System32\bcrypt.dll
0x00007ffd9cd10000 - 0x00007ffd9cd3e000 	C:\WINDOWS\SYSTEM32\USERENV.dll
0x00007ffd9cf50000 - 0x00007ffd9cfd0000 	C:\WINDOWS\System32\bcryptprimitives.dll
0x00007ffd9c720000 - 0x00007ffd9c72c000 	C:\WINDOWS\SYSTEM32\CRYPTBASE.dll
0x00007ffd9c260000 - 0x00007ffd9c29b000 	C:\WINDOWS\SYSTEM32\IPHLPAPI.DLL
0x00007ffd9e130000 - 0x00007ffd9e138000 	C:\WINDOWS\System32\NSI.dll
0x00007ffd94830000 - 0x00007ffd94847000 	C:\WINDOWS\SYSTEM32\dhcpcsvc6.DLL
0x00007ffd94810000 - 0x00007ffd9482d000 	C:\WINDOWS\SYSTEM32\dhcpcsvc.DLL
0x00007ffd9c2a0000 - 0x00007ffd9c36b000 	C:\WINDOWS\SYSTEM32\DNSAPI.dll
0x00007ffd94bf0000 - 0x00007ffd94d8c000 	C:\Program Files\Android\Android Studio\jre\jre\bin\awt.dll
0x00007ffd9de60000 - 0x00007ffd9df2d000 	C:\WINDOWS\System32\OLEAUT32.dll
0x00007ffd9a4d0000 - 0x00007ffd9a4ff000 	C:\WINDOWS\SYSTEM32\dwmapi.dll
0x00007ffd98f10000 - 0x00007ffd994d0000 	C:\WINDOWS\SYSTEM32\d2d1.dll
0x00007ffd9a130000 - 0x00007ffd9a1c0000 	C:\WINDOWS\SYSTEM32\apphelp.dll
0x00007ffd9a260000 - 0x00007ffd9a2fe000 	C:\WINDOWS\system32\uxtheme.dll

VM Arguments:
jvm_args: -Xmx2048m -Dfile.encoding=windows-1255 -Duser.country=US -Duser.language=en -Duser.variant 
java_command: org.gradle.launcher.daemon.bootstrap.GradleDaemon 6.1.1
java_class_path (initial): C:\Users\User\.gradle\wrapper\dists\gradle-6.1.1-all\cfmwm155h49vnt3hynmlrsdst\gradle-6.1.1\lib\gradle-launcher-6.1.1.jar
Launcher Type: SUN_STANDARD

Environment Variables:
PATH=C:\Program Files (x86)\Common Files\Oracle\Java\javapath;C:\WINDOWS\system32;C:\WINDOWS;C:\WINDOWS\System32\Wbem;C:\WINDOWS\System32\WindowsPowerShell\v1.0\;C:\WINDOWS\System32\OpenSSH\;C:\Program Files\dotnet\;C:\Program Files (x86)\IncrediBuild;C:\Program Files\Git\cmd;C:\Users\User\AppData\Local\Programs\Python\Python38\Scripts\;C:\Users\User\AppData\Local\Programs\Python\Python38\;C:\Users\User\AppData\Local\Microsoft\WindowsApps;C:\Program Files\JetBrains\PyCharm Community Edition 2019.3.3\bin;%USERPROFILE%\AppData\Local\Microsoft\WindowsApps;
USERNAME=User
OS=Windows_NT
PROCESSOR_IDENTIFIER=Intel64 Family 6 Model 142 Stepping 10, GenuineIntel



---------------  S Y S T E M  ---------------

OS: Windows 10.0 , 64 bit Build 19041 (10.0.19041.804)

CPU:total 8 (initial active 8) (4 cores per cpu, 2 threads per core) family 6 model 142 stepping 10, cmov, cx8, fxsr, mmx, sse, sse2, sse3, ssse3, sse4.1, sse4.2, popcnt, avx, avx2, aes, clmul, erms, 3dnowpref, lzcnt, ht, tsc, tscinvbit, bmi1, bmi2, adx

Memory: 4k page, physical 8301672k(1127556k free), swap 8301672k(4200k free)

vm_info: OpenJDK 64-Bit Server VM (25.242-b01) for windows-amd64 JRE (1.8.0_242-release-1644-b01), built by "builder" with MS VC++ 10.0 (VS2010)

time: Sun Apr 11 16:22:18 2021
timezone: Jerusalem Daylight Time
elapsed time: 50 seconds (0d 0h 0m 50s)

